98.06.05 07:33 B E:\WEBSITE\artsmia\htdocs\motionvision\1-11.gif <-- artsmia /var/web/artsmia/htdocs/motionvision 1-11.gif
98.06.05 07:33 B E:\WEBSITE\artsmia\htdocs\motionvision\1.gif <-- artsmia /var/web/artsmia/htdocs/motionvision 1.gif
98.06.05 07:33 B E:\WEBSITE\artsmia\htdocs\motionvision\10-4.gif <-- artsmia /var/web/artsmia/htdocs/motionvision 10-4.gif
98.06.05 07:33 B E:\WEBSITE\artsmia\htdocs\motionvision\10.gif <-- artsmia /var/web/artsmia/htdocs/motionvision 10.gif
98.06.05 07:33 B E:\WEBSITE\artsmia\htdocs\motionvision\10frame.gif <-- artsmia /var/web/artsmia/htdocs/motionvision 10frame.gif
98.06.05 07:33 B E:\WEBSITE\artsmia\htdocs\motionvision\10master.gif <-- artsmia /var/web/artsmia/htdocs/motionvision 10master.gif
98.06.05 07:33 B E:\WEBSITE\artsmia\htdocs\motionvision\11-1.gif <-- artsmia /var/web/artsmia/htdocs/motionvision 11-1.gif
98.06.05 07:33 B E:\WEBSITE\artsmia\htdocs\motionvision\11.gif <-- artsmia /var/web/artsmia/htdocs/motionvision 11.gif
98.06.05 07:33 B E:\WEBSITE\artsmia\htdocs\motionvision\11frame.gif <-- artsmia /var/web/artsmia/htdocs/motionvision 11frame.gif
98.06.05 07:33 B E:\WEBSITE\artsmia\htdocs\motionvision\11master.gif <-- artsmia /var/web/artsmia/htdocs/motionvision 11master.gif
98.06.05 07:33 B E:\WEBSITE\artsmia\htdocs\motionvision\1frame.gif <-- artsmia /var/web/artsmia/htdocs/motionvision 1frame.gif
98.06.05 07:33 B E:\WEBSITE\artsmia\htdocs\motionvision\2-7.gif <-- artsmia /var/web/artsmia/htdocs/motionvision 2-7.gif
98.06.05 07:33 B E:\WEBSITE\artsmia\htdocs\motionvision\2frame.gif <-- artsmia /var/web/artsmia/htdocs/motionvision 2frame.gif
98.06.05 07:33 B E:\WEBSITE\artsmia\htdocs\motionvision\2master.gif <-- artsmia /var/web/artsmia/htdocs/motionvision 2master.gif
98.06.05 07:33 B E:\WEBSITE\artsmia\htdocs\motionvision\3-5.gif <-- artsmia /var/web/artsmia/htdocs/motionvision 3-5.gif
98.06.05 07:33 B E:\WEBSITE\artsmia\htdocs\motionvision\3frame.gif <-- artsmia /var/web/artsmia/htdocs/motionvision 3frame.gif
98.06.05 07:33 B E:\WEBSITE\artsmia\htdocs\motionvision\3master.gif <-- artsmia /var/web/artsmia/htdocs/motionvision 3master.gif
98.06.05 07:33 B E:\WEBSITE\artsmia\htdocs\motionvision\4-1.gif <-- artsmia /var/web/artsmia/htdocs/motionvision 4-1.gif
98.06.05 07:33 B E:\WEBSITE\artsmia\htdocs\motionvision\4frame.gif <-- artsmia /var/web/artsmia/htdocs/motionvision 4frame.gif
98.06.05 07:33 B E:\WEBSITE\artsmia\htdocs\motionvision\5-11.gif <-- artsmia /var/web/artsmia/htdocs/motionvision 5-11.gif
98.06.05 07:33 B E:\WEBSITE\artsmia\htdocs\motionvision\5frame.gif <-- artsmia /var/web/artsmia/htdocs/motionvision 5frame.gif
98.06.05 07:33 B E:\WEBSITE\artsmia\htdocs\motionvision\5master.gif <-- artsmia /var/web/artsmia/htdocs/motionvision 5master.gif
98.06.05 07:33 B E:\WEBSITE\artsmia\htdocs\motionvision\6-12.gif <-- artsmia /var/web/artsmia/htdocs/motionvision 6-12.gif
98.06.05 07:33 B E:\WEBSITE\artsmia\htdocs\motionvision\6frame.gif <-- artsmia /var/web/artsmia/htdocs/motionvision 6frame.gif
98.06.05 07:33 B E:\WEBSITE\artsmia\htdocs\motionvision\7-12.gif <-- artsmia /var/web/artsmia/htdocs/motionvision 7-12.gif
98.06.05 07:33 B E:\WEBSITE\artsmia\htdocs\motionvision\7.gif <-- artsmia /var/web/artsmia/htdocs/motionvision 7.gif
98.06.05 07:33 B E:\WEBSITE\artsmia\htdocs\motionvision\8-14.gif <-- artsmia /var/web/artsmia/htdocs/motionvision 8-14.gif
98.06.05 07:34 B E:\WEBSITE\artsmia\htdocs\motionvision\8.gif <-- artsmia /var/web/artsmia/htdocs/motionvision 8.gif
98.06.05 07:34 B E:\WEBSITE\artsmia\htdocs\motionvision\9-10.gif <-- artsmia /var/web/artsmia/htdocs/motionvision 9-10.gif
98.06.05 07:34 B E:\WEBSITE\artsmia\htdocs\motionvision\9.gif <-- artsmia /var/web/artsmia/htdocs/motionvision 9.gif
98.06.05 07:34 B E:\WEBSITE\artsmia\htdocs\motionvision\9b.gif <-- artsmia /var/web/artsmia/htdocs/motionvision 9b.gif
98.06.05 07:34 B E:\WEBSITE\artsmia\htdocs\motionvision\9frame.gif <-- artsmia /var/web/artsmia/htdocs/motionvision 9frame.gif
98.06.05 07:34 B E:\WEBSITE\artsmia\htdocs\motionvision\9master.gif <-- artsmia /var/web/artsmia/htdocs/motionvision 9master.gif
98.06.05 07:34 B E:\WEBSITE\artsmia\htdocs\motionvision\dancer6.gif <-- artsmia /var/web/artsmia/htdocs/motionvision dancer6.gif
98.06.05 07:34 B E:\WEBSITE\artsmia\htdocs\motionvision\frame7.gif <-- artsmia /var/web/artsmia/htdocs/motionvision frame7.gif
98.06.05 07:34 B E:\WEBSITE\artsmia\htdocs\motionvision\frame8.gif <-- artsmia /var/web/artsmia/htdocs/motionvision frame8.gif
98.06.05 07:34 B E:\WEBSITE\artsmia\htdocs\motionvision\horse2.gif <-- artsmia /var/web/artsmia/htdocs/motionvision horse2.gif
98.06.05 07:34 B E:\WEBSITE\artsmia\htdocs\motionvision\horse3.gif <-- artsmia /var/web/artsmia/htdocs/motionvision horse3.gif
98.06.05 07:34 B E:\WEBSITE\artsmia\htdocs\motionvision\horse4.gif <-- artsmia /var/web/artsmia/htdocs/motionvision horse4.gif
98.06.05 07:34 B E:\WEBSITE\artsmia\htdocs\motionvision\index.html <-- artsmia /var/web/artsmia/htdocs/motionvision index.html
98.06.05 07:34 B E:\WEBSITE\artsmia\htdocs\motionvision\master1.gif <-- artsmia /var/web/artsmia/htdocs/motionvision master1.gif
98.06.05 07:34 B E:\WEBSITE\artsmia\htdocs\motionvision\master4.gif <-- artsmia /var/web/artsmia/htdocs/motionvision master4.gif
98.06.05 07:34 B E:\WEBSITE\artsmia\htdocs\motionvision\master6.gif <-- artsmia /var/web/artsmia/htdocs/motionvision master6.gif
98.06.05 07:34 B E:\WEBSITE\artsmia\htdocs\motionvision\master7.gif <-- artsmia /var/web/artsmia/htdocs/motionvision master7.gif
98.06.05 07:34 B E:\WEBSITE\artsmia\htdocs\motionvision\master8.gif <-- artsmia /var/web/artsmia/htdocs/motionvision master8.gif
98.06.05 07:34 B E:\WEBSITE\artsmia\htdocs\motionvision\muybridge1.html <-- artsmia /var/web/artsmia/htdocs/motionvision muybridge1.html
98.06.05 07:34 B E:\WEBSITE\artsmia\htdocs\motionvision\muybridge10.html <-- artsmia /var/web/artsmia/htdocs/motionvision muybridge10.html
98.06.05 07:34 B E:\WEBSITE\artsmia\htdocs\motionvision\muybridge11.html <-- artsmia /var/web/artsmia/htdocs/motionvision muybridge11.html
98.06.05 07:34 B E:\WEBSITE\artsmia\htdocs\motionvision\muybridge2.html <-- artsmia /var/web/artsmia/htdocs/motionvision muybridge2.html
98.06.05 07:34 B E:\WEBSITE\artsmia\htdocs\motionvision\muybridge3.html <-- artsmia /var/web/artsmia/htdocs/motionvision muybridge3.html
98.06.05 07:34 B E:\WEBSITE\artsmia\htdocs\motionvision\muybridge4.html <-- artsmia /var/web/artsmia/htdocs/motionvision muybridge4.html
98.06.05 07:34 B E:\WEBSITE\artsmia\htdocs\motionvision\muybridge5.html <-- artsmia /var/web/artsmia/htdocs/motionvision muybridge5.html
98.06.05 07:34 B E:\WEBSITE\artsmia\htdocs\motionvision\muybridge6.html <-- artsmia /var/web/artsmia/htdocs/motionvision muybridge6.html
98.06.05 07:34 B E:\WEBSITE\artsmia\htdocs\motionvision\muybridge7.html <-- artsmia /var/web/artsmia/htdocs/motionvision muybridge7.html
98.06.05 07:34 B E:\WEBSITE\artsmia\htdocs\motionvision\muybridge8.html <-- artsmia /var/web/artsmia/htdocs/motionvision muybridge8.html
98.06.05 07:34 B E:\WEBSITE\artsmia\htdocs\motionvision\muybridge9.html <-- artsmia /var/web/artsmia/htdocs/motionvision muybridge9.html
98.06.05 07:34 B E:\WEBSITE\artsmia\htdocs\motionvision\pickman5.gif <-- artsmia /var/web/artsmia/htdocs/motionvision pickman5.gif
98.06.05 08:07 B D:\InetPub\artsmia\htdocs\motionvision\WS_FTP.LOG <-- ftp.wwcoinc.com /artsmia/htdocs/motionvision WS_FTP.LOG
